<?xml version="1.0" encoding="UTF-8"?>
<!-- Generated by org.testng.reporters.JUnitReportReporter -->
<testsuite ignored="1" hostname="DESKTOP-9Q7U01K" failures="0" tests="1" name="com.orange.hrm.test.HomePageTest" time="1.702" errors="0" timestamp="22 Jul 2024 05:02:51 GMT" skipped="0">
  <testcase classname="com.orange.hrm.test.HomePageTest" name="logout" time="1.702"/>
  <testcase classname="com.orange.hrm.test.BaseTest" name="initDriver">
    <skipped/>
  </testcase> <!-- initDriver -->
</testsuite> <!-- com.orange.hrm.test.HomePageTest -->
