<?xml version="1.0" encoding="UTF-8"?>
<!-- Generated by org.testng.reporters.JUnitReportReporter -->
<testsuite ignored="1" hostname="DESKTOP-9Q7U01K" failures="0" tests="1" name="com.orange.hrm.test.LoginTest" time="1.768" errors="0" timestamp="22 Jul 2024 05:02:51 GMT" skipped="0">
  <testcase classname="com.orange.hrm.test.LoginTest" name="loginWithValidUserNameAndValidPassword" time="1.768"/>
  <testcase classname="com.orange.hrm.test.BaseTest" name="initDriver">
    <skipped/>
  </testcase> <!-- initDriver -->
</testsuite> <!-- com.orange.hrm.test.LoginTest -->
