<?xml version="1.0" encoding="UTF-8"?>
<!-- Generated by org.testng.reporters.JUnitReportReporter -->
<testsuite ignored="0" hostname="DESKTOP-9Q7U01K" failures="0" tests="1" name="com.test.zoopla" time="11.092" errors="0" timestamp="30 Jun 2024 14:06:07 GMT" skipped="0">
  <testcase classname="com.test.zoopla" name="login" time="11.092"/>
</testsuite> <!-- com.test.zoopla -->
